<?xml version="1.0" encoding="UTF-8"?>
<!-- Generated by org.testng.reporters.JUnitReportReporter -->
<testsuite skipped="0" hostname="EPBYMINW3264" name="com.epam.automation.testsTestNG.SubCalcTest" tests="10" failures="0" timestamp="2020-03-12T18:16:18 MSK" time="0.000" errors="0">
  <testcase name="testSubstractionWithDoubleValuesTestNG" time="0.000" classname="com.epam.automation.testsTestNG.SubCalcTest"/>
  <system-out/>
  <testcase name="testSubstractionWithDoubleValuesTestNG" time="0.000" classname="com.epam.automation.testsTestNG.SubCalcTest"/>
  <system-out/>
  <testcase name="testSubstractionWithLongValuesTestNG" time="0.000" classname="com.epam.automation.testsTestNG.SubCalcTest"/>
  <system-out/>
  <testcase name="testSubstractionWithLongValuesTestNG" time="0.000" classname="com.epam.automation.testsTestNG.SubCalcTest"/>
  <system-out/>
  <testcase name="testSubstractionWithDoubleValuesTestNG" time="0.000" classname="com.epam.automation.testsTestNG.SubCalcTest"/>
  <system-out/>
  <testcase name="testSubstractionWithLongValuesTestNG" time="0.000" classname="com.epam.automation.testsTestNG.SubCalcTest"/>
  <system-out/>
  <testcase name="testSubstractionWithDoubleValuesTestNG" time="0.000" classname="com.epam.automation.testsTestNG.SubCalcTest"/>
  <system-out/>
  <testcase name="testSubstractionWithLongValuesTestNG" time="0.000" classname="com.epam.automation.testsTestNG.SubCalcTest"/>
  <system-out/>
  <testcase name="testSubstractionWithLongValuesTestNG" time="0.000" classname="com.epam.automation.testsTestNG.SubCalcTest"/>
  <system-out/>
  <testcase name="testSubstractionWithDoubleValuesTestNG" time="0.000" classname="com.epam.automation.testsTestNG.SubCalcTest"/>
  <system-out/>
</testsuite> <!-- com.epam.automation.testsTestNG.SubCalcTest -->
