<?xml version="1.0" encoding="UTF-8"?>
<!-- Generated by org.testng.reporters.JUnitReportReporter -->
<testsuite skipped="0" hostname="EPBYMINW3264" name="com.epam.automation.testsTestNG.SumCalcTest" tests="10" failures="0" timestamp="2020-03-12T18:16:18 MSK" time="0.001" errors="0">
  <testcase name="testSummationWithDoubleValuesTestNG" time="0.000" classname="com.epam.automation.testsTestNG.SumCalcTest"/>
  <system-out/>
  <testcase name="testSummationWithLongValuesTestNG" time="0.000" classname="com.epam.automation.testsTestNG.SumCalcTest"/>
  <system-out/>
  <testcase name="testSummationWithLongValuesTestNG" time="0.000" classname="com.epam.automation.testsTestNG.SumCalcTest"/>
  <system-out/>
  <testcase name="testSummationWithDoubleValuesTestNG" time="0.000" classname="com.epam.automation.testsTestNG.SumCalcTest"/>
  <system-out/>
  <testcase name="testSummationWithDoubleValuesTestNG" time="0.000" classname="com.epam.automation.testsTestNG.SumCalcTest"/>
  <system-out/>
  <testcase name="testSummationWithDoubleValuesTestNG" time="0.001" classname="com.epam.automation.testsTestNG.SumCalcTest"/>
  <system-out/>
  <testcase name="testSummationWithLongValuesTestNG" time="0.000" classname="com.epam.automation.testsTestNG.SumCalcTest"/>
  <system-out/>
  <testcase name="testSummationWithLongValuesTestNG" time="0.000" classname="com.epam.automation.testsTestNG.SumCalcTest"/>
  <system-out/>
  <testcase name="testSummationWithLongValuesTestNG" time="0.000" classname="com.epam.automation.testsTestNG.SumCalcTest"/>
  <system-out/>
  <testcase name="testSummationWithDoubleValuesTestNG" time="0.000" classname="com.epam.automation.testsTestNG.SumCalcTest"/>
  <system-out/>
</testsuite> <!-- com.epam.automation.testsTestNG.SumCalcTest -->
