<?xml version="1.0" encoding="UTF-8"?>
<!-- Generated by org.testng.reporters.JUnitReportReporter -->
<testsuite skipped="0" hostname="EPBYMINW3264" name="com.epam.automation.testsTestNG.MulCalcTest" tests="10" failures="0" timestamp="2020-03-12T18:16:18 MSK" time="0.000" errors="0">
  <testcase name="testMulOperationWithLongValuesTestNG" time="0.000" classname="com.epam.automation.testsTestNG.MulCalcTest"/>
  <system-out/>
  <testcase name="testMulOperationWithLongValuesTestNG" time="0.000" classname="com.epam.automation.testsTestNG.MulCalcTest"/>
  <system-out/>
  <testcase name="testMulOperationWithDoubleValuesTestNG" time="0.000" classname="com.epam.automation.testsTestNG.MulCalcTest"/>
  <system-out/>
  <testcase name="testMulOperationWithLongValuesTestNG" time="0.000" classname="com.epam.automation.testsTestNG.MulCalcTest"/>
  <system-out/>
  <testcase name="testMulOperationWithDoubleValuesTestNG" time="0.000" classname="com.epam.automation.testsTestNG.MulCalcTest"/>
  <system-out/>
  <testcase name="testMulOperationWithDoubleValuesTestNG" time="0.000" classname="com.epam.automation.testsTestNG.MulCalcTest"/>
  <system-out/>
  <testcase name="testMulOperationWithLongValuesTestNG" time="0.000" classname="com.epam.automation.testsTestNG.MulCalcTest"/>
  <system-out/>
  <testcase name="testMulOperationWithDoubleValuesTestNG" time="0.000" classname="com.epam.automation.testsTestNG.MulCalcTest"/>
  <system-out/>
  <testcase name="testMulOperationWithDoubleValuesTestNG" time="0.000" classname="com.epam.automation.testsTestNG.MulCalcTest"/>
  <system-out/>
  <testcase name="testMulOperationWithLongValuesTestNG" time="0.000" classname="com.epam.automation.testsTestNG.MulCalcTest"/>
  <system-out/>
</testsuite> <!-- com.epam.automation.testsTestNG.MulCalcTest -->
